1 0 96 266
2 167 277 250
3 296 53 20
4 216 282 67
5 180 32 106
6 36 102 141 252
7 221 188 265
8 65 29 289
9 234 166 31
10 168 214 12
11 33 230 55
12 108 232 152 176
13 179 40 71 17
14 116 128 115
15 85 204 142 228
16 34 28 182
17 164 174 145
18 54 217 271 256
19 99 284 104
20 87 146 157 297
21 184 241 192
22 249 222 100
23 275 185 209 69 229
24 41 64 272
25 75 50 66
26 110 121 215
27 103 172 43
28 72 244 288
29 7 202 68 47
30 80 111 143
31 212 239 280
32 294 254 30 233
33 88 236 46
34 148 122 154
35 4 14 243 197 208
36 134 26 186
37 8 295 120
38 161 191 231
39 286 86 206
40 299 27 94
41 24 158 1
42 127 89 189
43 259 207 97 240
44 13 258 237 153
45 133 298 37
46 162 268 251
47 246 253 279
48 210 11 123
49 62 160 23 84
50 203 82 126
51 159 3 262
52 136 170 178
53 260 22 77
54 95 117 195 293 52
55 58 163 194
56 92 114 173
57 276 61 109 135
58 290 48 76 247
59 220 73 49
60 193 177 270
61 227 147 278
62 273 190 257
63 137 6 9
64 218 269 151 169
65 15 42 149
66 107 25 175
67 105 90 274
68 171 283 119 291
69 74 140 211
70 56 70
71 144 83
72 150 235 132
73 225 138 2
74 18 10 181
75 285 93
76 60 118
77 156 131
78 263 287 124
79 187 205
80 125 101
81 44 201 35
82 198 81
83 38 199
84 261 5 112
85 19 16
86 200 45
87 63 219
88 129 98
89 57 248
90 267 223
91 113 238
92 21 255
93 79 264
94 224 196
95 213 139
96 91 51
97 281 78
98 245 292
99 226 242 59
100 39 155